   2:6>C:\Program Files\dotnet\sdk\9.0.306\Microsoft.Common.CurrentVersion.targets(5394,5): error MSB3027: Impossible de copier "C:\Users\ASUS ROG G16\Desktop\dotnet_project\PlateformeRHCollaborative.Web\obj\Debug\net9.0\apphost.exe" vers "bin\Debug\net9.0\PlateformeRHCollaborative.Web.exe". Dépassement du nombre maximal de nouvelles tentatives de 10. Échec. Le fichier est verrouillé par : "PlateformeRHCollaborative.Web (28480)" [C:\Users\ASUS ROG G16\Desktop\dotnet_project\PlateformeRHCollaborative.Web\PlateformeRHCollaborative.Web.csproj]
   2:6>C:\Program Files\dotnet\sdk\9.0.306\Microsoft.Common.CurrentVersion.targets(5394,5): error MSB3021: Impossible de copier le fichier "C:\Users\ASUS ROG G16\Desktop\dotnet_project\PlateformeRHCollaborative.Web\obj\Debug\net9.0\apphost.exe" vers "bin\Debug\net9.0\PlateformeRHCollaborative.Web.exe". The process cannot access the file 'C:\Users\ASUS ROG G16\Desktop\dotnet_project\PlateformeRHCollaborative.Web\bin\Debug\net9.0\PlateformeRHCollaborative.Web.exe' because it is being used by another process. [C:\Users\ASUS ROG G16\Desktop\dotnet_project\PlateformeRHCollaborative.Web\PlateformeRHCollaborative.Web.csproj]
